<?xml version="1.0" encoding="UTF-8"?>
<!-- Generated by org.testng.reporters.JUnitReportReporter -->
<testsuite hostname="Satarupa" name="getRequest.GetData" tests="1" failures="0" timestamp="15 Jan 2020 13:29:32 GMT" time="2.736" errors="0">
  <testcase name="test" time="2.736" classname="getRequest.GetData"/>
</testsuite> <!-- getRequest.GetData -->
