<?xml version="1.0" encoding="UTF-8"?>
<!-- Generated by org.testng.reporters.JUnitReportReporter -->
<testsuite hostname="Satarupa" name="getRequest.GetLeaveSummary" tests="2" failures="0" timestamp="21 Feb 2020 17:27:51 GMT" time="6.654" errors="0">
  <testcase name="LeaveSummaryBody" time="6.122" classname="getRequest.GetLeaveSummary"/>
  <testcase name="test" time="0.532" classname="getRequest.GetLeaveSummary"/>
</testsuite> <!-- getRequest.GetLeaveSummary -->
