<?xml version="1.0" encoding="UTF-8"?>
<!-- Generated by org.testng.reporters.JUnitReportReporter -->
<testsuite hostname="Satarupa" name="getRequest.GetLeaveSummary" tests="2" failures="0" timestamp="16 Feb 2020 14:32:39 GMT" time="2.971" errors="0">
  <testcase name="test" time="1.077" classname="getRequest.GetLeaveSummary"/>
  <testcase name="LeaveSummaryBody" time="1.894" classname="getRequest.GetLeaveSummary"/>
</testsuite> <!-- getRequest.GetLeaveSummary -->
